[0.019s] Invoking command in '/home/pacrob/projects/learning/ros2-playground/build/ros2_learn_pkg': CMAKE_PREFIX_PATH=/opt/ros/humble /usr/bin/cmake /home/pacrob/projects/learning/ros2-playground/src/ros2_learn_pkg -DCMAKE_INSTALL_PREFIX=/home/pacrob/projects/learning/ros2-playground/install/ros2_learn_pkg
[0.099s] -- The C compiler identification is GNU 11.4.0
[0.200s] -- The CXX compiler identification is GNU 11.4.0
[0.215s] -- Detecting C compiler ABI info
[0.303s] -- Detecting C compiler ABI info - done
[0.309s] -- Check for working C compiler: /usr/bin/cc - skipped
[0.309s] -- Detecting C compile features
[0.310s] -- Detecting C compile features - done
[0.312s] -- Detecting CXX compiler ABI info
[0.435s] -- Detecting CXX compiler ABI info - done
[0.445s] -- Check for working CXX compiler: /usr/bin/c++ - skipped
[0.445s] -- Detecting CXX compile features
[0.445s] -- Detecting CXX compile features - done
[0.453s] -- Found ament_cmake: 1.3.14 (/opt/ros/humble/share/ament_cmake/cmake)
[0.659s] -- Found Python3: /usr/bin/python3 (found version "3.10.12") found components: Interpreter 
[0.758s] -- Found ament_lint_auto: 0.12.15 (/opt/ros/humble/share/ament_lint_auto/cmake)
[0.869s] -- Added test 'lint_cmake' to check CMake code style
[0.869s] -- Added test 'xmllint' to check XML markup files
[0.871s] -- Configuring done
[0.872s] -- Generating done
[0.874s] -- Build files have been written to: /home/pacrob/projects/learning/ros2-playground/build/ros2_learn_pkg
[0.879s] Invoked command in '/home/pacrob/projects/learning/ros2-playground/build/ros2_learn_pkg' returned '0': CMAKE_PREFIX_PATH=/opt/ros/humble /usr/bin/cmake /home/pacrob/projects/learning/ros2-playground/src/ros2_learn_pkg -DCMAKE_INSTALL_PREFIX=/home/pacrob/projects/learning/ros2-playground/install/ros2_learn_pkg
[0.881s] Invoking command in '/home/pacrob/projects/learning/ros2-playground/build/ros2_learn_pkg': CMAKE_PREFIX_PATH=/opt/ros/humble /usr/bin/cmake --build /home/pacrob/projects/learning/ros2-playground/build/ros2_learn_pkg -- -j20 -l20
[0.952s] Invoked command in '/home/pacrob/projects/learning/ros2-playground/build/ros2_learn_pkg' returned '0': CMAKE_PREFIX_PATH=/opt/ros/humble /usr/bin/cmake --build /home/pacrob/projects/learning/ros2-playground/build/ros2_learn_pkg -- -j20 -l20
[0.971s] Invoking command in '/home/pacrob/projects/learning/ros2-playground/build/ros2_learn_pkg': CMAKE_PREFIX_PATH=/opt/ros/humble /usr/bin/cmake --install /home/pacrob/projects/learning/ros2-playground/build/ros2_learn_pkg
[0.977s] -- Install configuration: ""
[0.977s] -- Installing: /home/pacrob/projects/learning/ros2-playground/install/ros2_learn_pkg/share/ament_index/resource_index/package_run_dependencies/ros2_learn_pkg
[0.977s] -- Installing: /home/pacrob/projects/learning/ros2-playground/install/ros2_learn_pkg/share/ament_index/resource_index/parent_prefix_path/ros2_learn_pkg
[0.977s] -- Installing: /home/pacrob/projects/learning/ros2-playground/install/ros2_learn_pkg/share/ros2_learn_pkg/environment/ament_prefix_path.sh
[0.977s] -- Installing: /home/pacrob/projects/learning/ros2-playground/install/ros2_learn_pkg/share/ros2_learn_pkg/environment/ament_prefix_path.dsv
[0.978s] -- Installing: /home/pacrob/projects/learning/ros2-playground/install/ros2_learn_pkg/share/ros2_learn_pkg/environment/path.sh
[0.978s] -- Installing: /home/pacrob/projects/learning/ros2-playground/install/ros2_learn_pkg/share/ros2_learn_pkg/environment/path.dsv
[0.979s] -- Installing: /home/pacrob/projects/learning/ros2-playground/install/ros2_learn_pkg/share/ros2_learn_pkg/local_setup.bash
[0.979s] -- Installing: /home/pacrob/projects/learning/ros2-playground/install/ros2_learn_pkg/share/ros2_learn_pkg/local_setup.sh
[0.979s] -- Installing: /home/pacrob/projects/learning/ros2-playground/install/ros2_learn_pkg/share/ros2_learn_pkg/local_setup.zsh
[0.979s] -- Installing: /home/pacrob/projects/learning/ros2-playground/install/ros2_learn_pkg/share/ros2_learn_pkg/local_setup.dsv
[0.979s] -- Installing: /home/pacrob/projects/learning/ros2-playground/install/ros2_learn_pkg/share/ros2_learn_pkg/package.dsv
[0.979s] -- Installing: /home/pacrob/projects/learning/ros2-playground/install/ros2_learn_pkg/share/ament_index/resource_index/packages/ros2_learn_pkg
[0.980s] -- Installing: /home/pacrob/projects/learning/ros2-playground/install/ros2_learn_pkg/share/ros2_learn_pkg/cmake/ros2_learn_pkgConfig.cmake
[0.980s] -- Installing: /home/pacrob/projects/learning/ros2-playground/install/ros2_learn_pkg/share/ros2_learn_pkg/cmake/ros2_learn_pkgConfig-version.cmake
[0.980s] -- Installing: /home/pacrob/projects/learning/ros2-playground/install/ros2_learn_pkg/share/ros2_learn_pkg/package.xml
[0.983s] Invoked command in '/home/pacrob/projects/learning/ros2-playground/build/ros2_learn_pkg' returned '0': CMAKE_PREFIX_PATH=/opt/ros/humble /usr/bin/cmake --install /home/pacrob/projects/learning/ros2-playground/build/ros2_learn_pkg
