[0.011s] Invoking command in '/home/pacrob/projects/learning/ros2-playground/build/ros2_learn_pkg': CMAKE_PREFIX_PATH=${CMAKE_PREFIX_PATH}:/opt/ros/humble /usr/bin/cmake --build /home/pacrob/projects/learning/ros2-playground/build/ros2_learn_pkg -- -j20 -l20
[0.045s] -- Found ament_cmake: 1.3.14 (/opt/ros/humble/share/ament_cmake/cmake)
[0.216s] -- Found rclcpp: 16.0.19 (/opt/ros/humble/share/rclcpp/cmake)
[0.260s] -- Found rosidl_generator_c: 3.1.9 (/opt/ros/humble/share/rosidl_generator_c/cmake)
[0.264s] -- Found rosidl_adapter: 3.1.9 (/opt/ros/humble/share/rosidl_adapter/cmake)
[0.270s] -- Found rosidl_generator_cpp: 3.1.9 (/opt/ros/humble/share/rosidl_generator_cpp/cmake)
[0.282s] -- Using all available rosidl_typesupport_c: rosidl_typesupport_fastrtps_c;rosidl_typesupport_introspection_c
[0.296s] -- Using all available rosidl_typesupport_cpp: rosidl_typesupport_fastrtps_cpp;rosidl_typesupport_introspection_cpp
[0.339s] -- Found rmw_implementation_cmake: 6.1.2 (/opt/ros/humble/share/rmw_implementation_cmake/cmake)
[0.341s] -- Found rmw_fastrtps_cpp: 6.2.10 (/opt/ros/humble/share/rmw_fastrtps_cpp/cmake)
[0.456s] -- Found OpenSSL: /usr/lib/x86_64-linux-gnu/libcrypto.so (found version "3.0.2")  
[0.505s] -- Found FastRTPS: /opt/ros/humble/include  
[0.547s] -- Using RMW implementation 'rmw_fastrtps_cpp' as default
[0.558s] -- Looking for pthread.h
[0.668s] -- Looking for pthread.h - found
[0.668s] -- Performing Test CMAKE_HAVE_LIBC_PTHREAD
[0.752s] -- Performing Test CMAKE_HAVE_LIBC_PTHREAD - Success
[0.754s] -- Found Threads: TRUE  
[0.819s] -- Found ament_lint_auto: 0.12.15 (/opt/ros/humble/share/ament_lint_auto/cmake)
[0.897s] -- Added test 'cppcheck' to perform static code analysis on C / C++ code
[0.897s] -- Configured cppcheck include dirs: 
[0.897s] -- Configured cppcheck exclude dirs and/or files: 
[0.898s] -- Added test 'lint_cmake' to check CMake code style
[0.899s] -- Added test 'uncrustify' to check C / C++ code style
[0.899s] -- Configured uncrustify additional arguments: 
[0.900s] -- Added test 'xmllint' to check XML markup files
[0.901s] -- Configuring done
[0.912s] -- Generating done
[0.916s] -- Build files have been written to: /home/pacrob/projects/learning/ros2-playground/build/ros2_learn_pkg
[0.977s] [ 50%] [32mBuilding CXX object CMakeFiles/publisher.dir/src/publisher.cpp.o[0m
[3.567s] [01m[K/home/pacrob/projects/learning/ros2-playground/src/ros2_learn_pkg/src/publisher.cpp:29:45:[m[K [01;31m[Kerror: [m[Kexpected ‘[01m[K;[m[K’ at end of member declaration
[3.568s]    29 |     rclcpp::Publisher<std_msgs::msg::String>[01;31m[KSharedPtr[m[K publisher_;
[3.568s]       |                                             [01;31m[K^~~~~~~~~[m[K
[3.568s]       |                                                      [32m[K;[m[K
[3.569s] [01m[K/home/pacrob/projects/learning/ros2-playground/src/ros2_learn_pkg/src/publisher.cpp:29:55:[m[K [01;31m[Kerror: [m[K‘[01m[Kpublisher_[m[K’ does not name a type; did you mean ‘[01m[Krmw_publisher_t[m[K’?
[3.570s]    29 |     rclcpp::Publisher<std_msgs::msg::String>SharedPtr [01;31m[Kpublisher_[m[K;
[3.570s]       |                                                       [01;31m[K^~~~~~~~~~[m[K
[3.570s]       |                                                       [32m[Krmw_publisher_t[m[K
[3.571s] [01m[K/home/pacrob/projects/learning/ros2-playground/src/ros2_learn_pkg/src/publisher.cpp:32:2:[m[K [01;31m[Kerror: [m[Kexpected ‘[01m[K;[m[K’ after class definition
[3.571s]    32 | }
[3.571s]       |  [01;31m[K^[m[K
[3.571s]       |  [32m[K;[m[K
[3.572s] [01m[K/home/pacrob/projects/learning/ros2-playground/src/ros2_learn_pkg/src/publisher.cpp:[m[K In constructor ‘[01m[KHelloWorldPubNode::HelloWorldPubNode()[m[K’:
[3.573s] [01m[K/home/pacrob/projects/learning/ros2-playground/src/ros2_learn_pkg/src/publisher.cpp:11:54:[m[K [01;31m[Kerror: [m[Kno matching function for call to ‘[01m[Krclcpp::Publisher<std_msgs::msg::String_<std::allocator<void> > >::Publisher()[m[K’
[3.573s]    11 |     HelloWorldPubNode() : Node("hello_world_pub_node"[01;31m[K)[m[K
[3.573s]       |                                                      [01;31m[K^[m[K
[3.573s] In file included from [01m[K/opt/ros/humble/include/rclcpp/rclcpp/topic_statistics/subscription_topic_statistics.hpp:31[m[K,
[3.574s]                  from [01m[K/opt/ros/humble/include/rclcpp/rclcpp/subscription.hpp:50[m[K,
[3.574s]                  from [01m[K/opt/ros/humble/include/rclcpp/rclcpp/any_executable.hpp:25[m[K,
[3.574s]                  from [01m[K/opt/ros/humble/include/rclcpp/rclcpp/memory_strategy.hpp:25[m[K,
[3.574s]                  from [01m[K/opt/ros/humble/include/rclcpp/rclcpp/memory_strategies.hpp:18[m[K,
[3.574s]                  from [01m[K/opt/ros/humble/include/rclcpp/rclcpp/executor_options.hpp:20[m[K,
[3.575s]                  from [01m[K/opt/ros/humble/include/rclcpp/rclcpp/executor.hpp:37[m[K,
[3.575s]                  from [01m[K/opt/ros/humble/include/rclcpp/rclcpp/executors/multi_threaded_executor.hpp:25[m[K,
[3.575s]                  from [01m[K/opt/ros/humble/include/rclcpp/rclcpp/executors.hpp:21[m[K,
[3.575s]                  from [01m[K/opt/ros/humble/include/rclcpp/rclcpp/rclcpp.hpp:155[m[K,
[3.576s]                  from [01m[K/home/pacrob/projects/learning/ros2-playground/src/ros2_learn_pkg/src/publisher.cpp:1[m[K:
[3.576s] [01m[K/opt/ros/humble/include/rclcpp/rclcpp/publisher.hpp:125:3:[m[K [01;36m[Knote: [m[Kcandidate: ‘[01m[Krclcpp::Publisher<MessageT, AllocatorT>::Publisher(rclcpp::node_interfaces::NodeBaseInterface*, const string&, const rclcpp::QoS&, const rclcpp::PublisherOptionsWithAllocator<AllocatorT>&) [with MessageT = std_msgs::msg::String_<std::allocator<void> >; AllocatorT = std::allocator<void>; std::string = std::__cxx11::basic_string<char>][m[K’
[3.576s]   125 |   [01;36m[KPublisher[m[K(
[3.576s]       |   [01;36m[K^~~~~~~~~[m[K
[3.577s] [01m[K/opt/ros/humble/include/rclcpp/rclcpp/publisher.hpp:125:3:[m[K [01;36m[Knote: [m[K  candidate expects 4 arguments, 0 provided
[3.577s] [01m[K/opt/ros/humble/include/rclcpp/rclcpp/publisher.hpp:77:7:[m[K [01;36m[Knote: [m[Kcandidate: ‘[01m[Krclcpp::Publisher<std_msgs::msg::String_<std::allocator<void> > >::Publisher(const rclcpp::Publisher<std_msgs::msg::String_<std::allocator<void> > >&)[m[K’
[3.577s]    77 | class [01;36m[KPublisher[m[K : public PublisherBase
[3.577s]       |       [01;36m[K^~~~~~~~~[m[K
[3.578s] [01m[K/opt/ros/humble/include/rclcpp/rclcpp/publisher.hpp:77:7:[m[K [01;36m[Knote: [m[K  candidate expects 1 argument, 0 provided
[3.580s] [01m[K/home/pacrob/projects/learning/ros2-playground/src/ros2_learn_pkg/src/publisher.cpp:13:7:[m[K [01;31m[Kerror: [m[K‘[01m[Kpublisher_[m[K’ was not declared in this scope; did you mean ‘[01m[Krmw_publisher_t[m[K’?
[3.580s]    13 |       [01;31m[Kpublisher_[m[K = this->create_publisher<std_msgs::msg::String>(
[3.580s]       |       [01;31m[K^~~~~~~~~~[m[K
[3.580s]       |       [32m[Krmw_publisher_t[m[K
[3.598s] [01m[K/home/pacrob/projects/learning/ros2-playground/src/ros2_learn_pkg/src/publisher.cpp:[m[K In member function ‘[01m[Kvoid HelloWorldPubNode::publish_hello_world()[m[K’:
[3.598s] [01m[K/home/pacrob/projects/learning/ros2-playground/src/ros2_learn_pkg/src/publisher.cpp:26:7:[m[K [01;31m[Kerror: [m[K‘[01m[Kpublisher_[m[K’ was not declared in this scope; did you mean ‘[01m[Krmw_publisher_t[m[K’?
[3.599s]    26 |       [01;31m[Kpublisher_[m[K->publish(message);
[3.599s]       |       [01;31m[K^~~~~~~~~~[m[K
[3.599s]       |       [32m[Krmw_publisher_t[m[K
[4.388s] gmake[2]: *** [CMakeFiles/publisher.dir/build.make:76: CMakeFiles/publisher.dir/src/publisher.cpp.o] Error 1
[4.388s] gmake[1]: *** [CMakeFiles/Makefile2:137: CMakeFiles/publisher.dir/all] Error 2
[4.389s] gmake: *** [Makefile:146: all] Error 2
[4.394s] Invoked command in '/home/pacrob/projects/learning/ros2-playground/build/ros2_learn_pkg' returned '2': CMAKE_PREFIX_PATH=${CMAKE_PREFIX_PATH}:/opt/ros/humble /usr/bin/cmake --build /home/pacrob/projects/learning/ros2-playground/build/ros2_learn_pkg -- -j20 -l20
