[0.022s] Invoking command in '/home/pacrob/projects/learning/ros2-playground/build/ros2_learn_pkg': CMAKE_PREFIX_PATH=${CMAKE_PREFIX_PATH}:/opt/ros/humble /usr/bin/cmake --build /home/pacrob/projects/learning/ros2-playground/build/ros2_learn_pkg -- -j20 -l20
[0.094s] [35m[1mConsolidate compiler generated dependencies of target publisher[0m
[0.126s] [ 50%] [32mBuilding CXX object CMakeFiles/publisher.dir/src/publisher.cpp.o[0m
[2.559s] [01m[K/home/pacrob/projects/learning/ros2-playground/src/ros2_learn_pkg/src/publisher.cpp:29:45:[m[K [01;31m[Kerror: [m[Kexpected ‘[01m[K;[m[K’ at end of member declaration
[2.559s]    29 |     rclcpp::Publisher<std_msgs::msg::String>[01;31m[KSharedPtr[m[K publisher_;
[2.559s]       |                                             [01;31m[K^~~~~~~~~[m[K
[2.559s]       |                                                      [32m[K;[m[K
[2.560s] [01m[K/home/pacrob/projects/learning/ros2-playground/src/ros2_learn_pkg/src/publisher.cpp:29:55:[m[K [01;31m[Kerror: [m[K‘[01m[Kpublisher_[m[K’ does not name a type; did you mean ‘[01m[Krmw_publisher_t[m[K’?
[2.560s]    29 |     rclcpp::Publisher<std_msgs::msg::String>SharedPtr [01;31m[Kpublisher_[m[K;
[2.560s]       |                                                       [01;31m[K^~~~~~~~~~[m[K
[2.561s]       |                                                       [32m[Krmw_publisher_t[m[K
[2.563s] [01m[K/home/pacrob/projects/learning/ros2-playground/src/ros2_learn_pkg/src/publisher.cpp:[m[K In constructor ‘[01m[KHelloWorldPubNode::HelloWorldPubNode()[m[K’:
[2.563s] [01m[K/home/pacrob/projects/learning/ros2-playground/src/ros2_learn_pkg/src/publisher.cpp:11:54:[m[K [01;31m[Kerror: [m[Kno matching function for call to ‘[01m[Krclcpp::Publisher<std_msgs::msg::String_<std::allocator<void> > >::Publisher()[m[K’
[2.563s]    11 |     HelloWorldPubNode() : Node("hello_world_pub_node"[01;31m[K)[m[K
[2.563s]       |                                                      [01;31m[K^[m[K
[2.563s] In file included from [01m[K/opt/ros/humble/include/rclcpp/rclcpp/topic_statistics/subscription_topic_statistics.hpp:31[m[K,
[2.563s]                  from [01m[K/opt/ros/humble/include/rclcpp/rclcpp/subscription.hpp:50[m[K,
[2.563s]                  from [01m[K/opt/ros/humble/include/rclcpp/rclcpp/any_executable.hpp:25[m[K,
[2.564s]                  from [01m[K/opt/ros/humble/include/rclcpp/rclcpp/memory_strategy.hpp:25[m[K,
[2.564s]                  from [01m[K/opt/ros/humble/include/rclcpp/rclcpp/memory_strategies.hpp:18[m[K,
[2.564s]                  from [01m[K/opt/ros/humble/include/rclcpp/rclcpp/executor_options.hpp:20[m[K,
[2.564s]                  from [01m[K/opt/ros/humble/include/rclcpp/rclcpp/executor.hpp:37[m[K,
[2.564s]                  from [01m[K/opt/ros/humble/include/rclcpp/rclcpp/executors/multi_threaded_executor.hpp:25[m[K,
[2.564s]                  from [01m[K/opt/ros/humble/include/rclcpp/rclcpp/executors.hpp:21[m[K,
[2.565s]                  from [01m[K/opt/ros/humble/include/rclcpp/rclcpp/rclcpp.hpp:155[m[K,
[2.565s]                  from [01m[K/home/pacrob/projects/learning/ros2-playground/src/ros2_learn_pkg/src/publisher.cpp:1[m[K:
[2.565s] [01m[K/opt/ros/humble/include/rclcpp/rclcpp/publisher.hpp:125:3:[m[K [01;36m[Knote: [m[Kcandidate: ‘[01m[Krclcpp::Publisher<MessageT, AllocatorT>::Publisher(rclcpp::node_interfaces::NodeBaseInterface*, const string&, const rclcpp::QoS&, const rclcpp::PublisherOptionsWithAllocator<AllocatorT>&) [with MessageT = std_msgs::msg::String_<std::allocator<void> >; AllocatorT = std::allocator<void>; std::string = std::__cxx11::basic_string<char>][m[K’
[2.565s]   125 |   [01;36m[KPublisher[m[K(
[2.565s]       |   [01;36m[K^~~~~~~~~[m[K
[2.565s] [01m[K/opt/ros/humble/include/rclcpp/rclcpp/publisher.hpp:125:3:[m[K [01;36m[Knote: [m[K  candidate expects 4 arguments, 0 provided
[2.565s] [01m[K/opt/ros/humble/include/rclcpp/rclcpp/publisher.hpp:77:7:[m[K [01;36m[Knote: [m[Kcandidate: ‘[01m[Krclcpp::Publisher<std_msgs::msg::String_<std::allocator<void> > >::Publisher(const rclcpp::Publisher<std_msgs::msg::String_<std::allocator<void> > >&)[m[K’
[2.566s]    77 | class [01;36m[KPublisher[m[K : public PublisherBase
[2.566s]       |       [01;36m[K^~~~~~~~~[m[K
[2.566s] [01m[K/opt/ros/humble/include/rclcpp/rclcpp/publisher.hpp:77:7:[m[K [01;36m[Knote: [m[K  candidate expects 1 argument, 0 provided
[2.568s] [01m[K/home/pacrob/projects/learning/ros2-playground/src/ros2_learn_pkg/src/publisher.cpp:13:7:[m[K [01;31m[Kerror: [m[K‘[01m[Kpublisher_[m[K’ was not declared in this scope; did you mean ‘[01m[Krmw_publisher_t[m[K’?
[2.568s]    13 |       [01;31m[Kpublisher_[m[K = this->create_publisher<std_msgs::msg::String>(
[2.568s]       |       [01;31m[K^~~~~~~~~~[m[K
[2.568s]       |       [32m[Krmw_publisher_t[m[K
[2.587s] [01m[K/home/pacrob/projects/learning/ros2-playground/src/ros2_learn_pkg/src/publisher.cpp:[m[K In member function ‘[01m[Kvoid HelloWorldPubNode::publish_hello_world()[m[K’:
[2.588s] [01m[K/home/pacrob/projects/learning/ros2-playground/src/ros2_learn_pkg/src/publisher.cpp:26:7:[m[K [01;31m[Kerror: [m[K‘[01m[Kpublisher_[m[K’ was not declared in this scope; did you mean ‘[01m[Krmw_publisher_t[m[K’?
[2.588s]    26 |       [01;31m[Kpublisher_[m[K->publish(message);
[2.588s]       |       [01;31m[K^~~~~~~~~~[m[K
[2.588s]       |       [32m[Krmw_publisher_t[m[K
[3.208s] gmake[2]: *** [CMakeFiles/publisher.dir/build.make:76: CMakeFiles/publisher.dir/src/publisher.cpp.o] Error 1
[3.208s] gmake[1]: *** [CMakeFiles/Makefile2:137: CMakeFiles/publisher.dir/all] Error 2
[3.209s] gmake: *** [Makefile:146: all] Error 2
[3.214s] Invoked command in '/home/pacrob/projects/learning/ros2-playground/build/ros2_learn_pkg' returned '2': CMAKE_PREFIX_PATH=${CMAKE_PREFIX_PATH}:/opt/ros/humble /usr/bin/cmake --build /home/pacrob/projects/learning/ros2-playground/build/ros2_learn_pkg -- -j20 -l20
