[0.010s] Invoking command in '/home/pacrob/projects/learning/ros2-playground/build/ros2_learn_pkg': CMAKE_PREFIX_PATH=/opt/ros/humble /usr/bin/cmake --build /home/pacrob/projects/learning/ros2-playground/build/ros2_learn_pkg -- -j20 -l20
[0.074s] Consolidate compiler generated dependencies of target publisher
[0.101s] [ 50%] Building CXX object CMakeFiles/publisher.dir/src/publisher.cpp.o
[3.988s] [100%] Linking CXX executable publisher
[4.176s] [100%] Built target publisher
[4.191s] Invoked command in '/home/pacrob/projects/learning/ros2-playground/build/ros2_learn_pkg' returned '0': CMAKE_PREFIX_PATH=/opt/ros/humble /usr/bin/cmake --build /home/pacrob/projects/learning/ros2-playground/build/ros2_learn_pkg -- -j20 -l20
[4.210s] Invoking command in '/home/pacrob/projects/learning/ros2-playground/build/ros2_learn_pkg': CMAKE_PREFIX_PATH=/opt/ros/humble /usr/bin/cmake --install /home/pacrob/projects/learning/ros2-playground/build/ros2_learn_pkg
[4.227s] -- Install configuration: ""
[4.227s] -- Installing: /home/pacrob/projects/learning/ros2-playground/install/ros2_learn_pkg/lib/ros2_learn_pkg/publisher
[4.229s] -- Set runtime path of "/home/pacrob/projects/learning/ros2-playground/install/ros2_learn_pkg/lib/ros2_learn_pkg/publisher" to ""
[4.230s] -- Installing: /home/pacrob/projects/learning/ros2-playground/install/ros2_learn_pkg/share/ament_index/resource_index/package_run_dependencies/ros2_learn_pkg
[4.230s] -- Installing: /home/pacrob/projects/learning/ros2-playground/install/ros2_learn_pkg/share/ament_index/resource_index/parent_prefix_path/ros2_learn_pkg
[4.230s] -- Up-to-date: /home/pacrob/projects/learning/ros2-playground/install/ros2_learn_pkg/share/ros2_learn_pkg/environment/ament_prefix_path.sh
[4.230s] -- Installing: /home/pacrob/projects/learning/ros2-playground/install/ros2_learn_pkg/share/ros2_learn_pkg/environment/ament_prefix_path.dsv
[4.231s] -- Up-to-date: /home/pacrob/projects/learning/ros2-playground/install/ros2_learn_pkg/share/ros2_learn_pkg/environment/path.sh
[4.231s] -- Installing: /home/pacrob/projects/learning/ros2-playground/install/ros2_learn_pkg/share/ros2_learn_pkg/environment/path.dsv
[4.231s] -- Up-to-date: /home/pacrob/projects/learning/ros2-playground/install/ros2_learn_pkg/share/ros2_learn_pkg/local_setup.bash
[4.231s] -- Up-to-date: /home/pacrob/projects/learning/ros2-playground/install/ros2_learn_pkg/share/ros2_learn_pkg/local_setup.sh
[4.231s] -- Up-to-date: /home/pacrob/projects/learning/ros2-playground/install/ros2_learn_pkg/share/ros2_learn_pkg/local_setup.zsh
[4.232s] -- Installing: /home/pacrob/projects/learning/ros2-playground/install/ros2_learn_pkg/share/ros2_learn_pkg/local_setup.dsv
[4.232s] -- Installing: /home/pacrob/projects/learning/ros2-playground/install/ros2_learn_pkg/share/ros2_learn_pkg/package.dsv
[4.232s] -- Up-to-date: /home/pacrob/projects/learning/ros2-playground/install/ros2_learn_pkg/share/ament_index/resource_index/packages/ros2_learn_pkg
[4.232s] -- Up-to-date: /home/pacrob/projects/learning/ros2-playground/install/ros2_learn_pkg/share/ros2_learn_pkg/cmake/ros2_learn_pkgConfig.cmake
[4.232s] -- Up-to-date: /home/pacrob/projects/learning/ros2-playground/install/ros2_learn_pkg/share/ros2_learn_pkg/cmake/ros2_learn_pkgConfig-version.cmake
[4.232s] -- Installing: /home/pacrob/projects/learning/ros2-playground/install/ros2_learn_pkg/share/ros2_learn_pkg/package.xml
[4.234s] Invoked command in '/home/pacrob/projects/learning/ros2-playground/build/ros2_learn_pkg' returned '0': CMAKE_PREFIX_PATH=/opt/ros/humble /usr/bin/cmake --install /home/pacrob/projects/learning/ros2-playground/build/ros2_learn_pkg
