[0.016s] Invoking command in '/home/pacrob/projects/learning/ros2-playground/build/ros2_learn_pkg': CMAKE_PREFIX_PATH=${CMAKE_PREFIX_PATH}:/opt/ros/humble /usr/bin/cmake --build /home/pacrob/projects/learning/ros2-playground/build/ros2_learn_pkg -- -j20 -l20
[0.089s] [35m[1mConsolidate compiler generated dependencies of target publisher[0m
[0.117s] [100%] Built target publisher
[0.136s] Invoked command in '/home/pacrob/projects/learning/ros2-playground/build/ros2_learn_pkg' returned '0': CMAKE_PREFIX_PATH=${CMAKE_PREFIX_PATH}:/opt/ros/humble /usr/bin/cmake --build /home/pacrob/projects/learning/ros2-playground/build/ros2_learn_pkg -- -j20 -l20
[0.152s] Invoking command in '/home/pacrob/projects/learning/ros2-playground/build/ros2_learn_pkg': CMAKE_PREFIX_PATH=${CMAKE_PREFIX_PATH}:/opt/ros/humble /usr/bin/cmake --install /home/pacrob/projects/learning/ros2-playground/build/ros2_learn_pkg
[0.166s] -- Install configuration: ""
[0.166s] -- Up-to-date: /home/pacrob/projects/learning/ros2-playground/install/ros2_learn_pkg/lib/ros2_learn_pkg/publisher
[0.166s] -- Up-to-date: /home/pacrob/projects/learning/ros2-playground/install/ros2_learn_pkg/share/ament_index/resource_index/package_run_dependencies/ros2_learn_pkg
[0.166s] -- Up-to-date: /home/pacrob/projects/learning/ros2-playground/install/ros2_learn_pkg/share/ament_index/resource_index/parent_prefix_path/ros2_learn_pkg
[0.166s] -- Up-to-date: /home/pacrob/projects/learning/ros2-playground/install/ros2_learn_pkg/share/ros2_learn_pkg/environment/ament_prefix_path.sh
[0.166s] -- Up-to-date: /home/pacrob/projects/learning/ros2-playground/install/ros2_learn_pkg/share/ros2_learn_pkg/environment/ament_prefix_path.dsv
[0.166s] -- Up-to-date: /home/pacrob/projects/learning/ros2-playground/install/ros2_learn_pkg/share/ros2_learn_pkg/environment/path.sh
[0.166s] -- Up-to-date: /home/pacrob/projects/learning/ros2-playground/install/ros2_learn_pkg/share/ros2_learn_pkg/environment/path.dsv
[0.166s] -- Up-to-date: /home/pacrob/projects/learning/ros2-playground/install/ros2_learn_pkg/share/ros2_learn_pkg/local_setup.bash
[0.166s] -- Up-to-date: /home/pacrob/projects/learning/ros2-playground/install/ros2_learn_pkg/share/ros2_learn_pkg/local_setup.sh
[0.167s] -- Up-to-date: /home/pacrob/projects/learning/ros2-playground/install/ros2_learn_pkg/share/ros2_learn_pkg/local_setup.zsh
[0.167s] -- Up-to-date: /home/pacrob/projects/learning/ros2-playground/install/ros2_learn_pkg/share/ros2_learn_pkg/local_setup.dsv
[0.167s] -- Installing: /home/pacrob/projects/learning/ros2-playground/install/ros2_learn_pkg/share/ros2_learn_pkg/package.dsv
[0.167s] -- Up-to-date: /home/pacrob/projects/learning/ros2-playground/install/ros2_learn_pkg/share/ament_index/resource_index/packages/ros2_learn_pkg
[0.168s] -- Up-to-date: /home/pacrob/projects/learning/ros2-playground/install/ros2_learn_pkg/share/ros2_learn_pkg/cmake/ros2_learn_pkgConfig.cmake
[0.168s] -- Up-to-date: /home/pacrob/projects/learning/ros2-playground/install/ros2_learn_pkg/share/ros2_learn_pkg/cmake/ros2_learn_pkgConfig-version.cmake
[0.168s] -- Up-to-date: /home/pacrob/projects/learning/ros2-playground/install/ros2_learn_pkg/share/ros2_learn_pkg/package.xml
[0.172s] Invoked command in '/home/pacrob/projects/learning/ros2-playground/build/ros2_learn_pkg' returned '0': CMAKE_PREFIX_PATH=${CMAKE_PREFIX_PATH}:/opt/ros/humble /usr/bin/cmake --install /home/pacrob/projects/learning/ros2-playground/build/ros2_learn_pkg
