[0.012s] Invoking command in '/home/pacrob/projects/learning/ros2-playground/build/ros2_learn_pkg': CMAKE_PREFIX_PATH=/opt/ros/humble /usr/bin/cmake --build /home/pacrob/projects/learning/ros2-playground/build/ros2_learn_pkg -- -j20 -l20
[0.083s] Consolidate compiler generated dependencies of target publisher
[0.108s] [ 50%] Building CXX object CMakeFiles/publisher.dir/src/publisher.cpp.o
[2.514s] /home/pacrob/projects/learning/ros2-playground/src/ros2_learn_pkg/src/publisher.cpp:29:45: error: expected ‘;’ at end of member declaration
[2.514s]    29 |     rclcpp::Publisher<std_msgs::msg::String>SharedPtr publisher_;
[2.514s]       |                                             ^~~~~~~~~
[2.514s]       |                                                      ;
[2.515s] /home/pacrob/projects/learning/ros2-playground/src/ros2_learn_pkg/src/publisher.cpp:29:55: error: ‘publisher_’ does not name a type; did you mean ‘rmw_publisher_t’?
[2.515s]    29 |     rclcpp::Publisher<std_msgs::msg::String>SharedPtr publisher_;
[2.515s]       |                                                       ^~~~~~~~~~
[2.515s]       |                                                       rmw_publisher_t
[2.518s] /home/pacrob/projects/learning/ros2-playground/src/ros2_learn_pkg/src/publisher.cpp: In constructor ‘HelloWorldPubNode::HelloWorldPubNode()’:
[2.518s] /home/pacrob/projects/learning/ros2-playground/src/ros2_learn_pkg/src/publisher.cpp:11:54: error: no matching function for call to ‘rclcpp::Publisher<std_msgs::msg::String_<std::allocator<void> > >::Publisher()’
[2.518s]    11 |     HelloWorldPubNode() : Node("hello_world_pub_node")
[2.518s]       |                                                      ^
[2.518s] In file included from /opt/ros/humble/include/rclcpp/rclcpp/topic_statistics/subscription_topic_statistics.hpp:31,
[2.518s]                  from /opt/ros/humble/include/rclcpp/rclcpp/subscription.hpp:50,
[2.518s]                  from /opt/ros/humble/include/rclcpp/rclcpp/any_executable.hpp:25,
[2.518s]                  from /opt/ros/humble/include/rclcpp/rclcpp/memory_strategy.hpp:25,
[2.518s]                  from /opt/ros/humble/include/rclcpp/rclcpp/memory_strategies.hpp:18,
[2.519s]                  from /opt/ros/humble/include/rclcpp/rclcpp/executor_options.hpp:20,
[2.519s]                  from /opt/ros/humble/include/rclcpp/rclcpp/executor.hpp:37,
[2.519s]                  from /opt/ros/humble/include/rclcpp/rclcpp/executors/multi_threaded_executor.hpp:25,
[2.519s]                  from /opt/ros/humble/include/rclcpp/rclcpp/executors.hpp:21,
[2.519s]                  from /opt/ros/humble/include/rclcpp/rclcpp/rclcpp.hpp:155,
[2.519s]                  from /home/pacrob/projects/learning/ros2-playground/src/ros2_learn_pkg/src/publisher.cpp:1:
[2.519s] /opt/ros/humble/include/rclcpp/rclcpp/publisher.hpp:125:3: note: candidate: ‘rclcpp::Publisher<MessageT, AllocatorT>::Publisher(rclcpp::node_interfaces::NodeBaseInterface*, const string&, const rclcpp::QoS&, const rclcpp::PublisherOptionsWithAllocator<AllocatorT>&) [with MessageT = std_msgs::msg::String_<std::allocator<void> >; AllocatorT = std::allocator<void>; std::string = std::__cxx11::basic_string<char>]’
[2.519s]   125 |   Publisher(
[2.519s]       |   ^~~~~~~~~
[2.519s] /opt/ros/humble/include/rclcpp/rclcpp/publisher.hpp:125:3: note:   candidate expects 4 arguments, 0 provided
[2.519s] /opt/ros/humble/include/rclcpp/rclcpp/publisher.hpp:77:7: note: candidate: ‘rclcpp::Publisher<std_msgs::msg::String_<std::allocator<void> > >::Publisher(const rclcpp::Publisher<std_msgs::msg::String_<std::allocator<void> > >&)’
[2.519s]    77 | class Publisher : public PublisherBase
[2.519s]       |       ^~~~~~~~~
[2.519s] /opt/ros/humble/include/rclcpp/rclcpp/publisher.hpp:77:7: note:   candidate expects 1 argument, 0 provided
[2.524s] /home/pacrob/projects/learning/ros2-playground/src/ros2_learn_pkg/src/publisher.cpp:13:7: error: ‘publisher_’ was not declared in this scope; did you mean ‘rmw_publisher_t’?
[2.524s]    13 |       publisher_ = this->create_publisher<std_msgs::msg::String>(
[2.524s]       |       ^~~~~~~~~~
[2.524s]       |       rmw_publisher_t
[2.542s] /home/pacrob/projects/learning/ros2-playground/src/ros2_learn_pkg/src/publisher.cpp: In member function ‘void HelloWorldPubNode::publish_hello_world()’:
[2.542s] /home/pacrob/projects/learning/ros2-playground/src/ros2_learn_pkg/src/publisher.cpp:26:7: error: ‘publisher_’ was not declared in this scope; did you mean ‘rmw_publisher_t’?
[2.542s]    26 |       publisher_->publish(message);
[2.542s]       |       ^~~~~~~~~~
[2.542s]       |       rmw_publisher_t
[3.235s] gmake[2]: *** [CMakeFiles/publisher.dir/build.make:76: CMakeFiles/publisher.dir/src/publisher.cpp.o] Error 1
[3.236s] gmake[1]: *** [CMakeFiles/Makefile2:137: CMakeFiles/publisher.dir/all] Error 2
[3.237s] gmake: *** [Makefile:146: all] Error 2
[3.241s] Invoked command in '/home/pacrob/projects/learning/ros2-playground/build/ros2_learn_pkg' returned '2': CMAKE_PREFIX_PATH=/opt/ros/humble /usr/bin/cmake --build /home/pacrob/projects/learning/ros2-playground/build/ros2_learn_pkg -- -j20 -l20
